<?xml version="1.0" encoding="UTF-8"?>
<!-- Generated by org.testng.reporters.JUnitReportReporter -->
<testsuite hostname="DESKTOP-PFEFR8P" name="Goibibo_Menu.Flight" tests="1" failures="0" timestamp="28 Oct 2018 09:23:28 GMT" time="42.562" errors="0">
  <testcase name="FlightDetails" time="42.562" classname="Goibibo_Menu.Flight"/>
</testsuite> <!-- Goibibo_Menu.Flight -->
